action: py36, msg: getenv
cwd: /root/Assignment2
cmd: /root/Assignment2/.tox/py36/bin/python -m pip install -rrequirements.txt
Collecting flask_bcrypt (from -r requirements.txt (line 1))
  Using cached https://files.pythonhosted.org/packages/1d/c0/6d4c04d007d72b355de24e7a223978d1a95732245f9e9becbf45d3024bf8/Flask-Bcrypt-0.7.1.tar.gz
Collecting requests (from -r requirements.txt (line 2))
  Using cached https://files.pythonhosted.org/packages/51/bd/23c926cd341ea6b7dd0b2a00aba99ae0f828be89d72b2190f27c11d4b7fb/requests-2.22.0-py2.py3-none-any.whl
Collecting Flask (from flask_bcrypt->-r requirements.txt (line 1))
  Using cached https://files.pythonhosted.org/packages/9b/93/628509b8d5dc749656a9641f4caf13540e2cdec85276964ff8f43bbb1d3b/Flask-1.1.1-py2.py3-none-any.whl
Collecting bcrypt (from flask_bcrypt->-r requirements.txt (line 1))
  Using cached https://files.pythonhosted.org/packages/8b/1d/82826443777dd4a624e38a08957b975e75df859b381ae302cfd7a30783ed/bcrypt-3.1.7-cp34-abi3-manylinux1_x86_64.whl
Collecting certifi>=2017.4.17 (from requests->-r requirements.txt (line 2))
  Using cached https://files.pythonhosted.org/packages/18/b0/8146a4f8dd402f60744fa380bc73ca47303cccf8b9190fd16a827281eac2/certifi-2019.9.11-py2.py3-none-any.whl
Collecting idna<2.9,>=2.5 (from requests->-r requirements.txt (line 2))
  Using cached https://files.pythonhosted.org/packages/14/2c/cd551d81dbe15200be1cf41cd03869a46fe7226e7450af7a6545bfc474c9/idna-2.8-py2.py3-none-any.whl
Collecting chardet<3.1.0,>=3.0.2 (from requests->-r requirements.txt (line 2))
  Using cached https://files.pythonhosted.org/packages/bc/a9/01ffebfb562e4274b6487b4bb1ddec7ca55ec7510b22e4c51f14098443b8/chardet-3.0.4-py2.py3-none-any.whl
Collecting urllib3!=1.25.0,!=1.25.1,<1.26,>=1.21.1 (from requests->-r requirements.txt (line 2))
  Using cached https://files.pythonhosted.org/packages/e0/da/55f51ea951e1b7c63a579c09dd7db825bb730ec1fe9c0180fc77bfb31448/urllib3-1.25.6-py2.py3-none-any.whl
Collecting itsdangerous>=0.24 (from Flask->flask_bcrypt->-r requirements.txt (line 1))
  Using cached https://files.pythonhosted.org/packages/76/ae/44b03b253d6fade317f32c24d100b3b35c2239807046a4c953c7b89fa49e/itsdangerous-1.1.0-py2.py3-none-any.whl
Collecting Jinja2>=2.10.1 (from Flask->flask_bcrypt->-r requirements.txt (line 1))
  Downloading https://files.pythonhosted.org/packages/65/e0/eb35e762802015cab1ccee04e8a277b03f1d8e53da3ec3106882ec42558b/Jinja2-2.10.3-py2.py3-none-any.whl (125kB)
Collecting Werkzeug>=0.15 (from Flask->flask_bcrypt->-r requirements.txt (line 1))
  Using cached https://files.pythonhosted.org/packages/ce/42/3aeda98f96e85fd26180534d36570e4d18108d62ae36f87694b476b83d6f/Werkzeug-0.16.0-py2.py3-none-any.whl
Collecting click>=5.1 (from Flask->flask_bcrypt->-r requirements.txt (line 1))
  Using cached https://files.pythonhosted.org/packages/fa/37/45185cb5abbc30d7257104c434fe0b07e5a195a6847506c074527aa599ec/Click-7.0-py2.py3-none-any.whl
Collecting six>=1.4.1 (from bcrypt->flask_bcrypt->-r requirements.txt (line 1))
  Using cached https://files.pythonhosted.org/packages/73/fb/00a976f728d0d1fecfe898238ce23f502a721c0ac0ecfedb80e0d88c64e9/six-1.12.0-py2.py3-none-any.whl
Collecting cffi>=1.1 (from bcrypt->flask_bcrypt->-r requirements.txt (line 1))
  Using cached https://files.pythonhosted.org/packages/5f/bf/6aa1925384c23ffeb579e97a5569eb9abce41b6310b329352b8252cee1c3/cffi-1.12.3-cp36-cp36m-manylinux1_x86_64.whl
Collecting MarkupSafe>=0.23 (from Jinja2>=2.10.1->Flask->flask_bcrypt->-r requirements.txt (line 1))
  Using cached https://files.pythonhosted.org/packages/b2/5f/23e0023be6bb885d00ffbefad2942bc51a620328ee910f64abe5a8d18dd1/MarkupSafe-1.1.1-cp36-cp36m-manylinux1_x86_64.whl
Collecting pycparser (from cffi>=1.1->bcrypt->flask_bcrypt->-r requirements.txt (line 1))
  Using cached https://files.pythonhosted.org/packages/68/9e/49196946aee219aead1290e00d1e7fdeab8567783e83e1b9ab5585e6206a/pycparser-2.19.tar.gz
Building wheels for collected packages: flask-bcrypt, pycparser
  Building wheel for flask-bcrypt (setup.py): started
  Building wheel for flask-bcrypt (setup.py): finished with status 'done'
  Created wheel for flask-bcrypt: filename=Flask_Bcrypt-0.7.1-cp36-none-any.whl size=5012 sha256=604a7754ae0fbb7e2ffdf3d2796061c39f1a4ec4d5ef5c889010cc78eaccf8df
  Stored in directory: /root/.cache/pip/wheels/39/14/f8/3be6cc331373428d6864911554a2a3d9af0e84acd4caa401d9
  Building wheel for pycparser (setup.py): started
  Building wheel for pycparser (setup.py): finished with status 'done'
  Created wheel for pycparser: filename=pycparser-2.19-py2.py3-none-any.whl size=111029 sha256=e9f95c9aa3c43fe8538b07d3d340f6b5c451f97f0b8508e6428605fed1d9e929
  Stored in directory: /root/.cache/pip/wheels/f2/9a/90/de94f8556265ddc9d9c8b271b0f63e57b26fb1d67a45564511
Successfully built flask-bcrypt pycparser
Installing collected packages: itsdangerous, MarkupSafe, Jinja2, Werkzeug, click, Flask, six, pycparser, cffi, bcrypt, flask-bcrypt, certifi, idna, chardet, urllib3, requests
Successfully installed Flask-1.1.1 Jinja2-2.10.3 MarkupSafe-1.1.1 Werkzeug-0.16.0 bcrypt-3.1.7 certifi-2019.9.11 cffi-1.12.3 chardet-3.0.4 click-7.0 flask-bcrypt-0.7.1 idna-2.8 itsdangerous-1.1.0 pycparser-2.19 requests-2.22.0 six-1.12.0 urllib3-1.25.6
